2024-09-29 00:54:00,119 - routes.parkinglot - INFO - [{'minimumTotalFare': 6, 'vehicles': [{'plateNumber': 'SCA1234', 'length': 3, 'width': 2, 'parkingFare': 5}, {'plateNumber': 'SMO1234', 'length': 2, 'width': 1, 'parkingFare': 1}, {'plateNumber': 'STR1234', 'length': 5, 'width': 2, 'parkingFare': 10}], 'actions': [{'plateNumber': 'SCA1234', 'action': 'park'}, {'plateNumber': 'SMO1234', 'action': 'park'}, {'plateNumber': 'STR1234', 'action': 'park'}, {'plateNumber': 'SCA1234', 'action': 'exit'}, {'plateNumber': 'SMO1234', 'action': 'exit'}, {'plateNumber': 'STR1234', 'action': 'exit'}], 'parkingLot': [['X', 'X', 'X', 'X', 'X', 'X', 'X'], ['I', ' ', ' ', ' ', ' ', ' ', 'X'], ['I', ' ', ' ', ' ', ' ', ' ', 'X'], ['X', ' ', ' ', ' ', ' ', ' ', 'O'], ['X', ' ', ' ', ' ', ' ', ' ', 'O'], ['X', 'X', 'X', 'X', 'X', 'X', 'X']]}]
2024-09-29 00:54:00,119 - routes.parkinglot - INFO - (I, O)
2024-09-29 00:54:00,120 - routes.parkinglot - INFO - Vehicle x: -2, Vehicle y: 1
2024-09-29 00:54:00,120 - routes.parkinglot - INFO - Vehicle x: -1, Vehicle y: 1
2024-09-29 00:54:00,120 - routes.parkinglot - INFO - Vehicle x: -4, Vehicle y: 1
2024-09-29 00:54:00,120 - routes.parkinglot - INFO - Before turning right: [1, -2]
2024-09-29 00:54:00,120 - routes.parkinglot - INFO - turning right to [1, -1]
2024-09-29 00:54:00,120 - routes.parkinglot - INFO - Original: [1, -1]
2024-09-29 00:54:00,120 - routes.parkinglot - INFO - [1, -1]
2024-09-29 00:54:00,120 - routes.parkinglot - INFO - [2, -1]
2024-09-29 00:54:00,120 - routes.parkinglot - INFO - [3, -1]
2024-09-29 00:54:00,120 - routes.parkinglot - INFO - [1, 0]
2024-09-29 00:54:00,120 - routes.parkinglot - INFO - [2, 0]
2024-09-29 00:54:00,120 - routes.parkinglot - INFO - [3, 0]
2024-09-29 00:54:00,121 - routes.parkinglot - ERROR - Symbol found: X
2024-09-29 00:54:00,121 - routes.parkinglot - INFO - reversing right to [1, -2]
2024-09-29 00:54:00,121 - routes.parkinglot - INFO - forward to [1, -1]
2024-09-29 00:54:00,121 - routes.parkinglot - INFO - Original: [1, -1]
2024-09-29 00:54:00,121 - routes.parkinglot - INFO - [1, -1]
2024-09-29 00:54:00,121 - routes.parkinglot - INFO - [2, -1]
2024-09-29 00:54:00,121 - routes.parkinglot - INFO - [1, 0]
2024-09-29 00:54:00,121 - routes.parkinglot - INFO - [2, 0]
2024-09-29 00:54:00,121 - routes.parkinglot - INFO - [1, 1]
2024-09-29 00:54:00,121 - routes.parkinglot - INFO - [2, 1]
2024-09-29 00:54:00,121 - routes.parkinglot - INFO - turning right to [1, 0]
2024-09-29 00:54:00,122 - routes.parkinglot - INFO - Original: [1, 0]
2024-09-29 00:54:00,122 - routes.parkinglot - INFO - [1, 0]
2024-09-29 00:54:00,122 - routes.parkinglot - INFO - [2, 0]
2024-09-29 00:54:00,122 - routes.parkinglot - INFO - [3, 0]
2024-09-29 00:54:00,122 - routes.parkinglot - ERROR - Symbol found: X
2024-09-29 00:54:00,122 - routes.parkinglot - INFO - reversing right to [1, -1]
2024-09-29 00:54:00,122 - routes.parkinglot - INFO - forward to [1, 0]
2024-09-29 00:54:00,122 - routes.parkinglot - INFO - Original: [1, 0]
2024-09-29 00:54:00,122 - routes.parkinglot - INFO - [1, 0]
2024-09-29 00:54:00,122 - routes.parkinglot - INFO - [2, 0]
2024-09-29 00:54:00,122 - routes.parkinglot - INFO - [1, 1]
2024-09-29 00:54:00,122 - routes.parkinglot - INFO - [2, 1]
2024-09-29 00:54:00,122 - routes.parkinglot - INFO - [1, 2]
2024-09-29 00:54:00,123 - routes.parkinglot - INFO - [2, 2]
2024-09-29 00:54:00,123 - routes.parkinglot - INFO - turning right to [1, 1]
2024-09-29 00:54:00,123 - routes.parkinglot - INFO - Original: [1, 1]
2024-09-29 00:54:00,123 - routes.parkinglot - INFO - [1, 1]
2024-09-29 00:54:00,123 - routes.parkinglot - INFO - [2, 1]
2024-09-29 00:54:00,123 - routes.parkinglot - INFO - [3, 1]
2024-09-29 00:54:00,123 - routes.parkinglot - INFO - [1, 2]
2024-09-29 00:54:00,123 - routes.parkinglot - INFO - [2, 2]
2024-09-29 00:54:00,123 - routes.parkinglot - INFO - [3, 2]
2024-09-29 00:54:00,123 - routes.parkinglot - INFO - Original: [1, 1]
2024-09-29 00:54:00,123 - routes.parkinglot - INFO - [1, 1]
2024-09-29 00:54:00,123 - routes.parkinglot - INFO - [2, 1]
2024-09-29 00:54:00,123 - routes.parkinglot - INFO - [3, 1]
2024-09-29 00:54:00,124 - routes.parkinglot - INFO - [1, 2]
2024-09-29 00:54:00,124 - routes.parkinglot - INFO - [2, 2]
2024-09-29 00:54:00,124 - routes.parkinglot - INFO - [3, 2]
2024-09-29 00:54:00,124 - routes.parkinglot - INFO - forward to [2, 1]
2024-09-29 00:54:00,124 - routes.parkinglot - INFO - Original: [2, 1]
2024-09-29 00:54:00,124 - routes.parkinglot - INFO - [2, 1]
2024-09-29 00:54:00,124 - routes.parkinglot - INFO - [3, 1]
2024-09-29 00:54:00,124 - routes.parkinglot - INFO - [4, 1]
2024-09-29 00:54:00,124 - routes.parkinglot - INFO - [2, 2]
2024-09-29 00:54:00,124 - routes.parkinglot - INFO - [3, 2]
2024-09-29 00:54:00,124 - routes.parkinglot - INFO - [4, 2]
2024-09-29 00:54:00,125 - routes.parkinglot - INFO - forward to [3, 1]
2024-09-29 00:54:00,125 - routes.parkinglot - INFO - Original: [3, 1]
2024-09-29 00:54:00,125 - routes.parkinglot - INFO - [3, 1]
2024-09-29 00:54:00,125 - routes.parkinglot - INFO - [4, 1]
2024-09-29 00:54:00,125 - routes.parkinglot - INFO - [5, 1]
2024-09-29 00:54:00,125 - routes.parkinglot - ERROR - Symbol found: X
2024-09-29 00:54:00,125 - routes.parkinglot - INFO - reversing to [2, 1]
2024-09-29 00:54:00,125 - routes.parkinglot - INFO - turning left to [3, 1]
2024-09-29 00:54:00,125 - routes.parkinglot - INFO - Original: [3, 1]
2024-09-29 00:54:00,125 - routes.parkinglot - INFO - [3, 1]
2024-09-29 00:54:00,125 - routes.parkinglot - INFO - [4, 1]
2024-09-29 00:54:00,125 - routes.parkinglot - INFO - [3, 2]
2024-09-29 00:54:00,126 - routes.parkinglot - INFO - [4, 2]
2024-09-29 00:54:00,126 - routes.parkinglot - INFO - [3, 3]
2024-09-29 00:54:00,126 - routes.parkinglot - INFO - [4, 3]
2024-09-29 00:54:00,126 - routes.parkinglot - INFO - Original: [3, 1]
2024-09-29 00:54:00,126 - routes.parkinglot - INFO - [3, 1]
2024-09-29 00:54:00,126 - routes.parkinglot - INFO - [4, 1]
2024-09-29 00:54:00,126 - routes.parkinglot - INFO - [3, 2]
2024-09-29 00:54:00,126 - routes.parkinglot - INFO - [4, 2]
2024-09-29 00:54:00,126 - routes.parkinglot - INFO - [3, 3]
2024-09-29 00:54:00,126 - routes.parkinglot - INFO - [4, 3]
2024-09-29 00:54:00,126 - routes.parkinglot - INFO - forward to [3, 2]
2024-09-29 00:54:00,127 - routes.parkinglot - INFO - Original: [3, 2]
2024-09-29 00:54:00,127 - routes.parkinglot - INFO - [3, 2]
2024-09-29 00:54:00,127 - routes.parkinglot - INFO - [4, 2]
2024-09-29 00:54:00,127 - routes.parkinglot - INFO - [3, 3]
2024-09-29 00:54:00,127 - routes.parkinglot - INFO - [4, 3]
2024-09-29 00:54:00,127 - routes.parkinglot - INFO - [3, 4]
2024-09-29 00:54:00,127 - routes.parkinglot - INFO - [4, 4]
2024-09-29 00:54:00,127 - routes.parkinglot - INFO - forward to [3, 3]
2024-09-29 00:54:00,127 - routes.parkinglot - INFO - Original: [3, 3]
2024-09-29 00:54:00,127 - routes.parkinglot - INFO - [3, 3]
2024-09-29 00:54:00,127 - routes.parkinglot - INFO - [4, 3]
2024-09-29 00:54:00,127 - routes.parkinglot - INFO - [3, 4]
2024-09-29 00:54:00,127 - routes.parkinglot - INFO - [4, 4]
2024-09-29 00:54:00,128 - routes.parkinglot - INFO - [3, 5]
2024-09-29 00:54:00,128 - routes.parkinglot - INFO - [4, 5]
2024-09-29 00:54:00,128 - routes.parkinglot - INFO - forward to [3, 4]
2024-09-29 00:54:00,128 - routes.parkinglot - INFO - Original: [3, 4]
2024-09-29 00:54:00,128 - routes.parkinglot - INFO - [3, 4]
2024-09-29 00:54:00,128 - routes.parkinglot - INFO - [4, 4]
2024-09-29 00:54:00,128 - routes.parkinglot - INFO - [3, 5]
2024-09-29 00:54:00,128 - routes.parkinglot - INFO - [4, 5]
2024-09-29 00:54:00,128 - routes.parkinglot - INFO - [3, 6]
2024-09-29 00:54:00,128 - routes.parkinglot - ERROR - Symbol found: O
2024-09-29 00:54:00,128 - routes.parkinglot - INFO - reversing to [3, 3]
2024-09-29 00:54:00,128 - routes.parkinglot - INFO - Original: [3, 3]
2024-09-29 00:54:00,128 - routes.parkinglot - INFO - [3, 3]
2024-09-29 00:54:00,129 - routes.parkinglot - INFO - [4, 3]
2024-09-29 00:54:00,129 - routes.parkinglot - INFO - [3, 4]
2024-09-29 00:54:00,129 - routes.parkinglot - INFO - [4, 4]
2024-09-29 00:54:00,129 - routes.parkinglot - INFO - [3, 5]
2024-09-29 00:54:00,129 - routes.parkinglot - INFO - [4, 5]
2024-09-29 00:54:00,129 - routes.parkinglot - INFO - Before turning right: [1, -1]
2024-09-29 00:54:00,129 - routes.parkinglot - INFO - turning right to [1, 0]
2024-09-29 00:54:00,129 - routes.parkinglot - INFO - Original: [1, 0]
2024-09-29 00:54:00,129 - routes.parkinglot - INFO - [1, 0]
2024-09-29 00:54:00,129 - routes.parkinglot - INFO - [2, 0]
2024-09-29 00:54:00,129 - routes.parkinglot - INFO - Original: [1, 0]
2024-09-29 00:54:00,130 - routes.parkinglot - INFO - [1, 0]
2024-09-29 00:54:00,130 - routes.parkinglot - INFO - [2, 0]
2024-09-29 00:54:00,130 - routes.parkinglot - INFO - forward to [2, 0]
2024-09-29 00:54:00,130 - routes.parkinglot - INFO - Original: [2, 0]
2024-09-29 00:54:00,130 - routes.parkinglot - INFO - [2, 0]
2024-09-29 00:54:00,130 - routes.parkinglot - INFO - [3, 0]
2024-09-29 00:54:00,130 - routes.parkinglot - ERROR - Symbol found: X
2024-09-29 00:54:00,130 - routes.parkinglot - INFO - reversing to [1, 0]
2024-09-29 00:54:00,130 - routes.parkinglot - INFO - turning left to [2, 0]
2024-09-29 00:54:00,130 - routes.parkinglot - INFO - Original: [2, 0]
2024-09-29 00:54:00,130 - routes.parkinglot - INFO - [2, 0]
2024-09-29 00:54:00,130 - routes.parkinglot - INFO - [2, 1]
2024-09-29 00:54:00,130 - routes.parkinglot - INFO - Original: [2, 0]
2024-09-29 00:54:00,130 - routes.parkinglot - INFO - [2, 0]
2024-09-29 00:54:00,130 - routes.parkinglot - INFO - [2, 1]
2024-09-29 00:54:00,131 - routes.parkinglot - INFO - forward to [2, 1]
2024-09-29 00:54:00,131 - routes.parkinglot - INFO - Original: [2, 1]
2024-09-29 00:54:00,131 - routes.parkinglot - INFO - [2, 1]
2024-09-29 00:54:00,131 - routes.parkinglot - INFO - [2, 2]
2024-09-29 00:54:00,131 - routes.parkinglot - INFO - forward to [2, 2]
2024-09-29 00:54:00,131 - routes.parkinglot - INFO - Original: [2, 2]
2024-09-29 00:54:00,131 - routes.parkinglot - INFO - [2, 2]
2024-09-29 00:54:00,131 - routes.parkinglot - INFO - [2, 3]
2024-09-29 00:54:00,131 - routes.parkinglot - INFO - forward to [2, 3]
2024-09-29 00:54:00,131 - routes.parkinglot - INFO - Original: [2, 3]
2024-09-29 00:54:00,131 - routes.parkinglot - INFO - [2, 3]
2024-09-29 00:54:00,131 - routes.parkinglot - INFO - [2, 4]
2024-09-29 00:54:00,131 - routes.parkinglot - INFO - forward to [2, 4]
2024-09-29 00:54:00,132 - routes.parkinglot - INFO - Original: [2, 4]
2024-09-29 00:54:00,132 - routes.parkinglot - INFO - [2, 4]
2024-09-29 00:54:00,132 - routes.parkinglot - INFO - [2, 5]
2024-09-29 00:54:00,132 - routes.parkinglot - INFO - forward to [2, 5]
2024-09-29 00:54:00,132 - routes.parkinglot - INFO - Original: [2, 5]
2024-09-29 00:54:00,132 - routes.parkinglot - INFO - [2, 5]
2024-09-29 00:54:00,132 - routes.parkinglot - INFO - [2, 6]
2024-09-29 00:54:00,132 - routes.parkinglot - ERROR - Symbol found: X
2024-09-29 00:54:00,132 - routes.parkinglot - INFO - reversing to [2, 4]
2024-09-29 00:54:00,132 - routes.parkinglot - INFO - Original: [2, 4]
2024-09-29 00:54:00,132 - routes.parkinglot - INFO - [2, 4]
2024-09-29 00:54:00,132 - routes.parkinglot - INFO - [2, 5]
2024-09-29 00:54:00,133 - routes.parkinglot - INFO - Before turning right: [1, -4]
2024-09-29 00:54:00,133 - routes.parkinglot - INFO - turning right to [1, -1]
2024-09-29 00:54:00,133 - routes.parkinglot - INFO - Original: [1, -1]
2024-09-29 00:54:00,133 - routes.parkinglot - INFO - [1, -1]
2024-09-29 00:54:00,133 - routes.parkinglot - INFO - [2, -1]
2024-09-29 00:54:00,133 - routes.parkinglot - INFO - [3, -1]
2024-09-29 00:54:00,133 - routes.parkinglot - INFO - [4, -1]
2024-09-29 00:54:00,133 - routes.parkinglot - INFO - [5, -1]
2024-09-29 00:54:00,134 - routes.parkinglot - INFO - [1, 0]
2024-09-29 00:54:00,134 - routes.parkinglot - INFO - [2, 0]
2024-09-29 00:54:00,135 - routes.parkinglot - INFO - [3, 0]
2024-09-29 00:54:00,135 - routes.parkinglot - ERROR - Symbol found: X
2024-09-29 00:54:00,135 - routes.parkinglot - INFO - reversing right to [1, -4]
2024-09-29 00:54:00,135 - routes.parkinglot - INFO - forward to [1, -3]
2024-09-29 00:54:00,136 - routes.parkinglot - INFO - Original: [1, -3]
2024-09-29 00:54:00,136 - routes.parkinglot - INFO - [1, -3]
2024-09-29 00:54:00,136 - routes.parkinglot - INFO - [2, -3]
2024-09-29 00:54:00,137 - routes.parkinglot - INFO - [1, -2]
2024-09-29 00:54:00,137 - routes.parkinglot - INFO - [2, -2]
2024-09-29 00:54:00,137 - routes.parkinglot - INFO - [1, -1]
2024-09-29 00:54:00,137 - routes.parkinglot - INFO - [2, -1]
2024-09-29 00:54:00,137 - routes.parkinglot - INFO - [1, 0]
2024-09-29 00:54:00,137 - routes.parkinglot - INFO - [2, 0]
2024-09-29 00:54:00,137 - routes.parkinglot - INFO - [1, 1]
2024-09-29 00:54:00,137 - routes.parkinglot - INFO - [2, 1]
2024-09-29 00:54:00,138 - routes.parkinglot - INFO - turning right to [1, 0]
2024-09-29 00:54:00,138 - routes.parkinglot - INFO - Original: [1, 0]
2024-09-29 00:54:00,138 - routes.parkinglot - INFO - [1, 0]
2024-09-29 00:54:00,138 - routes.parkinglot - INFO - [2, 0]
2024-09-29 00:54:00,138 - routes.parkinglot - INFO - [3, 0]
2024-09-29 00:54:00,138 - routes.parkinglot - ERROR - Symbol found: X
2024-09-29 00:54:00,139 - routes.parkinglot - INFO - reversing right to [1, -3]
2024-09-29 00:54:00,139 - routes.parkinglot - INFO - forward to [1, -2]
2024-09-29 00:54:00,139 - routes.parkinglot - INFO - Original: [1, -2]
2024-09-29 00:54:00,139 - routes.parkinglot - INFO - [1, -2]
2024-09-29 00:54:00,139 - routes.parkinglot - INFO - [2, -2]
2024-09-29 00:54:00,139 - routes.parkinglot - INFO - [1, -1]
2024-09-29 00:54:00,139 - routes.parkinglot - INFO - [2, -1]
2024-09-29 00:54:00,139 - routes.parkinglot - INFO - [1, 0]
2024-09-29 00:54:00,139 - routes.parkinglot - INFO - [2, 0]
2024-09-29 00:54:00,139 - routes.parkinglot - INFO - [1, 1]
2024-09-29 00:54:00,139 - routes.parkinglot - INFO - [2, 1]
2024-09-29 00:54:00,139 - routes.parkinglot - INFO - [1, 2]
2024-09-29 00:54:00,140 - routes.parkinglot - INFO - [2, 2]
2024-09-29 00:54:00,140 - routes.parkinglot - INFO - turning right to [1, 1]
2024-09-29 00:54:00,140 - routes.parkinglot - INFO - Original: [1, 1]
2024-09-29 00:54:00,140 - routes.parkinglot - INFO - [1, 1]
2024-09-29 00:54:00,140 - routes.parkinglot - INFO - [2, 1]
2024-09-29 00:54:00,140 - routes.parkinglot - INFO - [3, 1]
2024-09-29 00:54:00,140 - routes.parkinglot - INFO - [4, 1]
2024-09-29 00:54:00,140 - routes.parkinglot - INFO - [5, 1]
2024-09-29 00:54:00,140 - routes.parkinglot - ERROR - Symbol found: X
2024-09-29 00:54:00,140 - routes.parkinglot - INFO - reversing right to [1, -2]
2024-09-29 00:54:00,140 - routes.parkinglot - INFO - forward to [1, -1]
2024-09-29 00:54:00,141 - routes.parkinglot - INFO - Original: [1, -1]
2024-09-29 00:54:00,141 - routes.parkinglot - INFO - [1, -1]
2024-09-29 00:54:00,141 - routes.parkinglot - INFO - [2, -1]
2024-09-29 00:54:00,141 - routes.parkinglot - INFO - [1, 0]
2024-09-29 00:54:00,141 - routes.parkinglot - INFO - [2, 0]
2024-09-29 00:54:00,141 - routes.parkinglot - INFO - [1, 1]
2024-09-29 00:54:00,141 - routes.parkinglot - INFO - [2, 1]
2024-09-29 00:54:00,141 - routes.parkinglot - INFO - [1, 2]
2024-09-29 00:54:00,141 - routes.parkinglot - INFO - [2, 2]
2024-09-29 00:54:00,141 - routes.parkinglot - INFO - [1, 3]
2024-09-29 00:54:00,141 - routes.parkinglot - INFO - [2, 3]
2024-09-29 00:54:00,142 - routes.parkinglot - INFO - turning right to [1, 2]
2024-09-29 00:54:00,142 - routes.parkinglot - INFO - Original: [1, 2]
2024-09-29 00:54:00,142 - routes.parkinglot - INFO - [1, 2]
2024-09-29 00:54:00,142 - routes.parkinglot - INFO - [2, 2]
2024-09-29 00:54:00,142 - routes.parkinglot - INFO - [3, 2]
2024-09-29 00:54:00,142 - routes.parkinglot - INFO - [4, 2]
2024-09-29 00:54:00,142 - routes.parkinglot - ERROR - Symbol found: V
2024-09-29 00:54:00,142 - routes.parkinglot - INFO - reversing right to [1, -1]
2024-09-29 00:54:00,142 - routes.parkinglot - INFO - forward to [1, 0]
2024-09-29 00:54:00,142 - routes.parkinglot - INFO - Original: [1, 0]
2024-09-29 00:54:00,142 - routes.parkinglot - INFO - [1, 0]
2024-09-29 00:54:00,142 - routes.parkinglot - INFO - [2, 0]
2024-09-29 00:54:00,142 - routes.parkinglot - INFO - [1, 1]
2024-09-29 00:54:00,142 - routes.parkinglot - INFO - [2, 1]
2024-09-29 00:54:00,143 - routes.parkinglot - INFO - [1, 2]
2024-09-29 00:54:00,143 - routes.parkinglot - INFO - [2, 2]
2024-09-29 00:54:00,143 - routes.parkinglot - INFO - [1, 3]
2024-09-29 00:54:00,143 - routes.parkinglot - INFO - [2, 3]
2024-09-29 00:54:00,143 - routes.parkinglot - INFO - [1, 4]
2024-09-29 00:54:00,143 - routes.parkinglot - INFO - [2, 4]
2024-09-29 00:54:00,143 - routes.parkinglot - INFO - turning right to [1, 3]
2024-09-29 00:54:00,143 - routes.parkinglot - INFO - Original: [1, 3]
2024-09-29 00:54:00,143 - routes.parkinglot - INFO - [1, 3]
2024-09-29 00:54:00,143 - routes.parkinglot - INFO - [2, 3]
2024-09-29 00:54:00,143 - routes.parkinglot - INFO - [3, 3]
2024-09-29 00:54:00,144 - routes.parkinglot - ERROR - Symbol found: V
2024-09-29 00:54:00,144 - routes.parkinglot - INFO - reversing right to [1, 0]
2024-09-29 00:54:00,144 - routes.parkinglot - INFO - forward to [1, 1]
2024-09-29 00:54:00,144 - routes.parkinglot - INFO - Original: [1, 1]
2024-09-29 00:54:00,144 - routes.parkinglot - INFO - [1, 1]
2024-09-29 00:54:00,144 - routes.parkinglot - INFO - [2, 1]
2024-09-29 00:54:00,144 - routes.parkinglot - INFO - [1, 2]
2024-09-29 00:54:00,144 - routes.parkinglot - INFO - [2, 2]
2024-09-29 00:54:00,144 - routes.parkinglot - INFO - [1, 3]
2024-09-29 00:54:00,144 - routes.parkinglot - INFO - [2, 3]
2024-09-29 00:54:00,144 - routes.parkinglot - INFO - [1, 4]
2024-09-29 00:54:00,144 - routes.parkinglot - INFO - [2, 4]
2024-09-29 00:54:00,145 - routes.parkinglot - INFO - [1, 5]
2024-09-29 00:54:00,145 - routes.parkinglot - INFO - [2, 5]
2024-09-29 00:54:00,145 - routes.parkinglot - INFO - turning right to [1, 4]
2024-09-29 00:54:00,145 - routes.parkinglot - INFO - Original: [1, 4]
2024-09-29 00:54:00,145 - routes.parkinglot - INFO - [1, 4]
2024-09-29 00:54:00,145 - routes.parkinglot - INFO - [2, 4]
2024-09-29 00:54:00,145 - routes.parkinglot - INFO - [3, 4]
2024-09-29 00:54:00,145 - routes.parkinglot - ERROR - Symbol found: V
2024-09-29 00:54:00,145 - routes.parkinglot - INFO - reversing right to [1, 1]
2024-09-29 00:54:00,145 - routes.parkinglot - INFO - forward to [1, 2]
2024-09-29 00:54:00,145 - routes.parkinglot - INFO - Original: [1, 2]
2024-09-29 00:54:00,146 - routes.parkinglot - INFO - [1, 2]
2024-09-29 00:54:00,146 - routes.parkinglot - INFO - [2, 2]
2024-09-29 00:54:00,146 - routes.parkinglot - INFO - [1, 3]
2024-09-29 00:54:00,146 - routes.parkinglot - INFO - [2, 3]
2024-09-29 00:54:00,146 - routes.parkinglot - INFO - [1, 4]
2024-09-29 00:54:00,146 - routes.parkinglot - INFO - [2, 4]
2024-09-29 00:54:00,146 - routes.parkinglot - INFO - [1, 5]
2024-09-29 00:54:00,146 - routes.parkinglot - INFO - [2, 5]
2024-09-29 00:54:00,146 - routes.parkinglot - INFO - [1, 6]
2024-09-29 00:54:00,146 - routes.parkinglot - ERROR - Symbol found: X
2024-09-29 00:54:00,146 - routes.parkinglot - INFO - reversing to [1, 1]
2024-09-29 00:54:00,146 - routes.parkinglot - WARNING - Failed to park vehicle STR1234: Vehicle STR1234 cannot fit: Collision or boundary issue at position (-4, 1)
2024-09-29 00:54:00,147 - routes.parkinglot - ERROR - Traceback (most recent call last):
  File "/home/rachtrx/workspace/UBSChallenge/routes/parkinglot.py", line 440, in process_test_case
    parking_lot.navigate_entry(vehicle)
  File "/home/rachtrx/workspace/UBSChallenge/routes/parkinglot.py", line 223, in handle_east_to_east_entry
    raise VehicleCannotFitException(vehicle, f"Collision or boundary issue at position {(current_x, current_y)}")
routes.parkinglot.VehicleCannotFitException: Vehicle STR1234 cannot fit: Collision or boundary issue at position (-4, 1)

2024-09-29 00:54:00,147 - routes.parkinglot - INFO - Minimum fare reached: 6
2024-09-29 00:54:00,147 - routes.parkinglot - INFO - [{'actions': [{'plateNumber': 'SCA1234', 'action': 'park', 'execute': True, 'position': {'x': 3, 'y': 3, 'direction': 'EAST'}}, {'plateNumber': 'SMO1234', 'action': 'park', 'execute': True, 'position': {'x': 4, 'y': 2, 'direction': 'EAST'}}, {'plateNumber': 'STR1234', 'action': 'park', 'execute': False, 'position': None}, {'plateNumber': 'SCA1234', 'action': 'exit', 'execute': True, 'position': {'x': 4, 'y': 3, 'direction': 'EAST'}}, {'plateNumber': 'SMO1234', 'action': 'exit', 'execute': True, 'position': {'x': 5, 'y': 4, 'direction': 'EAST'}}, {'plateNumber': 'STR1234', 'action': 'exit', 'execute': False, 'position': None}]}]
